\BOOKMARK [1][-]{section.1}{Literature Review}{}
\BOOKMARK [1][-]{section.2}{Notes}{}
\BOOKMARK [2][-]{subsection.2.1}{Webster et al 2001}{section.2}
\BOOKMARK [2][-]{subsection.2.2}{Reed, 1999}{section.2}
\BOOKMARK [2][-]{subsection.2.3}{ASCE}{section.2}
\BOOKMARK [2][-]{subsection.2.4}{Nagheeby, 2010}{section.2}
\BOOKMARK [2][-]{subsection.2.5}{Scase, Hewitt}{section.2}
\BOOKMARK [2][-]{subsection.2.6}{Elkinton et al, 1984}{section.2}
\BOOKMARK [2][-]{subsection.2.7}{ C.D. Jones, 1984}{section.2}
\BOOKMARK [2][-]{subsection.2.8}{Developed models}{section.2}
\BOOKMARK [1][-]{section.3}{Intro}{}
\BOOKMARK [2][-]{subsection.3.1}{Requirements:}{section.3}
\BOOKMARK [1][-]{section.4}{Governing Equations}{}
\BOOKMARK [2][-]{subsection.4.1}{Random Walk}{section.4}
\BOOKMARK [2][-]{subsection.4.2}{Concentration}{section.4}
\BOOKMARK [1][-]{section.5}{LCM Interface}{}
\BOOKMARK [1][-]{section.6}{Operation}{}
\BOOKMARK [2][-]{subsection.6.1}{Simulation with lcm}{section.6}
\BOOKMARK [2][-]{subsection.6.2}{Helpful functions}{section.6}
\BOOKMARK [2][-]{subsection.6.3}{Fluid flows}{section.6}
\BOOKMARK [1][-]{section.7}{Initial Observations}{}
\BOOKMARK [1][-]{section.8}{Todo}{}
\BOOKMARK [2][-]{subsection.8.1}{Outline for Lab}{section.8}
\BOOKMARK [2][-]{subsection.8.2}{Outline}{section.8}
\BOOKMARK [1][-]{section.9}{Intro/Problem Statement:}{}
\BOOKMARK [1][-]{section.10}{Plume Modeling}{}
\BOOKMARK [2][-]{subsection.10.1}{basics}{section.10}
\BOOKMARK [2][-]{subsection.10.2}{different models}{section.10}
\BOOKMARK [1][-]{section.11}{Model Requirements}{}
\BOOKMARK [1][-]{section.12}{Our plume model: a Random Walk}{}
\BOOKMARK [2][-]{subsection.12.1}{Random Walk}{section.12}
\BOOKMARK [2][-]{subsection.12.2}{Modified random walk for plume}{section.12}
\BOOKMARK [2][-]{subsection.12.3}{Our random walk plume}{section.12}
\BOOKMARK [2][-]{subsection.12.4}{How to find concentration}{section.12}
